# JRE version: OpenJDK Runtime Environment (8.0_152-b02) (build 1.8.0_152-release-1024-b02)
# Java VM: OpenJDK 64-Bit Server VM (25.152-b02 mixed mode windows-amd64 compressed oops)
Heap:
 PSYoungGen      total 201728K, used 44445K [0x00000000e0000000, 0x00000000ed500000, 0x0000000100000000)
  eden space 188416K, 16% used [0x00000000e0000000,0x00000000e1e68590,0x00000000eb800000)
  from space 13312K, 99% used [0x00000000ec700000,0x00000000ed3ff048,0x00000000ed400000)
  to   space 14848K, 0% used [0x00000000eb800000,0x00000000eb800000,0x00000000ec680000)
 ParOldGen       total 79360K, used 37813K [0x00000000a0000000, 0x00000000a4d80000, 0x00000000e0000000)
  object space 79360K, 47% used [0x00000000a0000000,0x00000000a24ed4c8,0x00000000a4d80000)
 Metaspace       used 54864K, capacity 56720K, committed 56960K, reserved 1097728K
  class space    used 7591K, capacity 8035K, committed 8064K, reserved 1048576K
GC Heap History (10 events):
Event: 4.668 GC heap before
{Heap before GC invocations=6 (full 1):
 PSYoungGen      total 106496K, used 98304K [0x00000000e0000000, 0x00000000e7000000, 0x0000000100000000)
  eden space 98304K, 100% used [0x00000000e0000000,0x00000000e6000000,0x00000000e6000000)
  from space 8192K, 0% used [0x00000000e6800000,0x00000000e6800000,0x00000000e7000000)
  to   space 8192K, 0% used [0x00000000e6000000,0x00000000e6000000,0x00000000e6800000)
 ParOldGen       total 62464K, used 7527K [0x00000000a0000000, 0x00000000a3d00000, 0x00000000e0000000)
  object space 62464K, 12% used [0x00000000a0000000,0x00000000a0759ef8,0x00000000a3d00000)
 Metaspace       used 28462K, capacity 29144K, committed 29312K, reserved 1075200K
  class space    used 3963K, capacity 4142K, committed 4224K, reserved 1048576K
Event: 4.692 GC heap after
Heap after GC invocations=6 (full 1):
 PSYoungGen      total 106496K, used 8182K [0x00000000e0000000, 0x00000000ed400000, 0x0000000100000000)
  eden space 98304K, 0% used [0x00000000e0000000,0x00000000e0000000,0x00000000e6000000)
  from space 8192K, 99% used [0x00000000e6000000,0x00000000e67fda70,0x00000000e6800000)
  to   space 13312K, 0% used [0x00000000ec700000,0x00000000ec700000,0x00000000ed400000)
 ParOldGen       total 62464K, used 10119K [0x00000000a0000000, 0x00000000a3d00000, 0x00000000e0000000)
  object space 62464K, 16% used [0x00000000a0000000,0x00000000a09e1cc8,0x00000000a3d00000)
 Metaspace       used 28462K, capacity 29144K, committed 29312K, reserved 1075200K
  class space    used 3963K, capacity 4142K, committed 4224K, reserved 1048576K
}
Event: 9.554 GC heap before
{Heap before GC invocations=7 (full 1):
 PSYoungGen      total 106496K, used 76583K [0x00000000e0000000, 0x00000000ed400000, 0x0000000100000000)
  eden space 98304K, 69% used [0x00000000e0000000,0x00000000e42cc348,0x00000000e6000000)
  from space 8192K, 99% used [0x00000000e6000000,0x00000000e67fda70,0x00000000e6800000)
  to   space 13312K, 0% used [0x00000000ec700000,0x00000000ec700000,0x00000000ed400000)
 ParOldGen       total 62464K, used 10119K [0x00000000a0000000, 0x00000000a3d00000, 0x00000000e0000000)
  object space 62464K, 16% used [0x00000000a0000000,0x00000000a09e1cc8,0x00000000a3d00000)
 Metaspace       used 34502K, capacity 35326K, committed 35416K, reserved 1079296K
  class space    used 4838K, capacity 5100K, committed 5120K, reserved 1048576K
Event: 9.567 GC heap after
Heap after GC invocations=7 (full 1):
 PSYoungGen      total 201728K, used 12399K [0x00000000e0000000, 0x00000000ed500000, 0x0000000100000000)
  eden space 188416K, 0% used [0x00000000e0000000,0x00000000e0000000,0x00000000eb800000)
  from space 13312K, 93% used [0x00000000ec700000,0x00000000ed31bc50,0x00000000ed400000)
  to   space 14848K, 0% used [0x00000000eb800000,0x00000000eb800000,0x00000000ec680000)
 ParOldGen       total 62464K, used 10127K [0x00000000a0000000, 0x00000000a3d00000, 0x00000000e0000000)
  object space 62464K, 16% used [0x00000000a0000000,0x00000000a09e3cc8,0x00000000a3d00000)
 Metaspace       used 34502K, capacity 35326K, committed 35416K, reserved 1079296K
  class space    used 4838K, capacity 5100K, committed 5120K, reserved 1048576K
}
Event: 9.567 GC heap before
{Heap before GC invocations=8 (full 2):
 PSYoungGen      total 201728K, used 12399K [0x00000000e0000000, 0x00000000ed500000, 0x0000000100000000)
  eden space 188416K, 0% used [0x00000000e0000000,0x00000000e0000000,0x00000000eb800000)
  from space 13312K, 93% used [0x00000000ec700000,0x00000000ed31bc50,0x00000000ed400000)
  to   space 14848K, 0% used [0x00000000eb800000,0x00000000eb800000,0x00000000ec680000)
 ParOldGen       total 62464K, used 10127K [0x00000000a0000000, 0x00000000a3d00000, 0x00000000e0000000)
  object space 62464K, 16% used [0x00000000a0000000,0x00000000a09e3cc8,0x00000000a3d00000)
 Metaspace       used 34502K, capacity 35326K, committed 35416K, reserved 1079296K
  class space    used 4838K, capacity 5100K, committed 5120K, reserved 1048576K
Event: 9.623 GC heap after
Heap after GC invocations=8 (full 2):
 PSYoungGen      total 201728K, used 0K [0x00000000e0000000, 0x00000000ed500000, 0x0000000100000000)
  eden space 188416K, 0% used [0x00000000e0000000,0x00000000e0000000,0x00000000eb800000)
  from space 13312K, 0% used [0x00000000ec700000,0x00000000ec700000,0x00000000ed400000)
  to   space 14848K, 0% used [0x00000000eb800000,0x00000000eb800000,0x00000000ec680000)
 ParOldGen       total 79360K, used 19616K [0x00000000a0000000, 0x00000000a4d80000, 0x00000000e0000000)
  object space 79360K, 24% used [0x00000000a0000000,0x00000000a1328078,0x00000000a4d80000)
 Metaspace       used 34502K, capacity 35326K, committed 35416K, reserved 1079296K
  class space    used 4838K, capacity 5100K, committed 5120K, reserved 1048576K
}
Event: 13.014 GC heap before
{Heap before GC invocations=9 (full 2):
 PSYoungGen      total 201728K, used 188416K [0x00000000e0000000, 0x00000000ed500000, 0x0000000100000000)
  eden space 188416K, 100% used [0x00000000e0000000,0x00000000eb800000,0x00000000eb800000)
  from space 13312K, 0% used [0x00000000ec700000,0x00000000ec700000,0x00000000ed400000)
  to   space 14848K, 0% used [0x00000000eb800000,0x00000000eb800000,0x00000000ec680000)
 ParOldGen       total 79360K, used 19616K [0x00000000a0000000, 0x00000000a4d80000, 0x00000000e0000000)
  object space 79360K, 24% used [0x00000000a0000000,0x00000000a1328078,0x00000000a4d80000)
 Metaspace       used 47292K, capacity 48446K, committed 48512K, reserved 1091584K
  class space    used 6442K, capacity 6781K, committed 6784K, reserved 1048576K
Event: 13.044 GC heap after
Heap after GC invocations=9 (full 2):
 PSYoungGen      total 203264K, used 14830K [0x00000000e0000000, 0x00000000ed500000, 0x0000000100000000)
  eden space 188416K, 0% used [0x00000000e0000000,0x00000000e0000000,0x00000000eb800000)
  from space 14848K, 99% used [0x00000000eb800000,0x00000000ec67b898,0x00000000ec680000)
  to   space 13312K, 0% used [0x00000000ec700000,0x00000000ec700000,0x00000000ed400000)
 ParOldGen       total 79360K, used 22577K [0x00000000a0000000, 0x00000000a4d80000, 0x00000000e0000000)
  object space 79360K, 28% used [0x00000000a0000000,0x00000000a160c608,0x00000000a4d80000)
 Metaspace       used 47292K, capacity 48446K, committed 48512K, reserved 1091584K
  class space    used 6442K, capacity 6781K, committed 6784K, reserved 1048576K
}
Event: 15.566 GC heap before
{Heap before GC invocations=10 (full 2):
 PSYoungGen      total 203264K, used 203246K [0x00000000e0000000, 0x00000000ed500000, 0x0000000100000000)
  eden space 188416K, 100% used [0x00000000e0000000,0x00000000eb800000,0x00000000eb800000)
  from space 14848K, 99% used [0x00000000eb800000,0x00000000ec67b898,0x00000000ec680000)
  to   space 13312K, 0% used [0x00000000ec700000,0x00000000ec700000,0x00000000ed400000)
 ParOldGen       total 79360K, used 22577K [0x00000000a0000000, 0x00000000a4d80000, 0x00000000e0000000)
  object space 79360K, 28% used [0x00000000a0000000,0x00000000a160c608,0x00000000a4d80000)
 Metaspace       used 54321K, capacity 56158K, committed 56320K, reserved 1097728K
  class space    used 7486K, capacity 7921K, committed 7936K, reserved 1048576K
Event: 15.594 GC heap after
Heap after GC invocations=10 (full 2):
 PSYoungGen      total 201728K, used 13308K [0x00000000e0000000, 0x00000000ed500000, 0x0000000100000000)
  eden space 188416K, 0% used [0x00000000e0000000,0x00000000e0000000,0x00000000eb800000)
  from space 13312K, 99% used [0x00000000ec700000,0x00000000ed3ff048,0x00000000ed400000)
  to   space 14848K, 0% used [0x00000000eb800000,0x00000000eb800000,0x00000000ec680000)
 ParOldGen       total 79360K, used 37813K [0x00000000a0000000, 0x00000000a4d80000, 0x00000000e0000000)
  object space 79360K, 47% used [0x00000000a0000000,0x00000000a24ed4c8,0x00000000a4d80000)
 Metaspace       used 54321K, capacity 56158K, committed 56320K, reserved 1097728K
  class space    used 7486K, capacity 7921K, committed 7936K, reserved 1048576K
}

