# JRE version: OpenJDK Runtime Environment (8.0_152-b02) (build 1.8.0_152-release-1024-b02)
# Java VM: OpenJDK 64-Bit Server VM (25.152-b02 mixed mode windows-amd64 compressed oops)
Heap:
 PSYoungGen      total 105472K, used 71508K [0x00000000e0000000, 0x00000000ec700000, 0x0000000100000000)
  eden space 93696K, 76% used [0x00000000e0000000,0x00000000e45d5138,0x00000000e5b80000)
  from space 11776K, 0% used [0x00000000e5b80000,0x00000000e5b80000,0x00000000e6700000)
  to   space 13824K, 0% used [0x00000000eb980000,0x00000000eb980000,0x00000000ec700000)
 ParOldGen       total 88576K, used 19184K [0x00000000a0000000, 0x00000000a5680000, 0x00000000e0000000)
  object space 88576K, 21% used [0x00000000a0000000,0x00000000a12bc380,0x00000000a5680000)
 Metaspace       used 38771K, capacity 39652K, committed 39984K, reserved 1083392K
  class space    used 5324K, capacity 5603K, committed 5680K, reserved 1048576K
GC Heap History (10 events):
Event: 6.961 GC heap before
{Heap before GC invocations=5 (full 1):
 PSYoungGen      total 57344K, used 7132K [0x00000000e0000000, 0x00000000e7000000, 0x0000000100000000)
  eden space 49152K, 0% used [0x00000000e0000000,0x00000000e0000000,0x00000000e3000000)
  from space 8192K, 87% used [0x00000000e3800000,0x00000000e3ef7060,0x00000000e4000000)
  to   space 8192K, 0% used [0x00000000e3000000,0x00000000e3000000,0x00000000e3800000)
 ParOldGen       total 131072K, used 3317K [0x00000000a0000000, 0x00000000a8000000, 0x00000000e0000000)
  object space 131072K, 2% used [0x00000000a0000000,0x00000000a033d728,0x00000000a8000000)
 Metaspace       used 20754K, capacity 21244K, committed 21296K, reserved 1067008K
  class space    used 2905K, capacity 3075K, committed 3120K, reserved 1048576K
Event: 7.000 GC heap after
Heap after GC invocations=5 (full 1):
 PSYoungGen      total 57344K, used 0K [0x00000000e0000000, 0x00000000e7000000, 0x0000000100000000)
  eden space 49152K, 0% used [0x00000000e0000000,0x00000000e0000000,0x00000000e3000000)
  from space 8192K, 0% used [0x00000000e3800000,0x00000000e3800000,0x00000000e4000000)
  to   space 8192K, 0% used [0x00000000e3000000,0x00000000e3000000,0x00000000e3800000)
 ParOldGen       total 65536K, used 7530K [0x00000000a0000000, 0x00000000a4000000, 0x00000000e0000000)
  object space 65536K, 11% used [0x00000000a0000000,0x00000000a075a890,0x00000000a4000000)
 Metaspace       used 20754K, capacity 21244K, committed 21296K, reserved 1067008K
  class space    used 2905K, capacity 3075K, committed 3120K, reserved 1048576K
}
Event: 7.516 GC heap before
{Heap before GC invocations=6 (full 1):
 PSYoungGen      total 57344K, used 49152K [0x00000000e0000000, 0x00000000e7000000, 0x0000000100000000)
  eden space 49152K, 100% used [0x00000000e0000000,0x00000000e3000000,0x00000000e3000000)
  from space 8192K, 0% used [0x00000000e3800000,0x00000000e3800000,0x00000000e4000000)
  to   space 8192K, 0% used [0x00000000e3000000,0x00000000e3000000,0x00000000e3800000)
 ParOldGen       total 65536K, used 7530K [0x00000000a0000000, 0x00000000a4000000, 0x00000000e0000000)
  object space 65536K, 11% used [0x00000000a0000000,0x00000000a075a890,0x00000000a4000000)
 Metaspace       used 24904K, capacity 25434K, committed 25648K, reserved 1071104K
  class space    used 3463K, capacity 3596K, committed 3632K, reserved 1048576K
Event: 7.596 GC heap after
Heap after GC invocations=6 (full 1):
 PSYoungGen      total 57344K, used 5112K [0x00000000e0000000, 0x00000000e7480000, 0x0000000100000000)
  eden space 49152K, 0% used [0x00000000e0000000,0x00000000e0000000,0x00000000e3000000)
  from space 8192K, 62% used [0x00000000e3000000,0x00000000e34fe368,0x00000000e3800000)
  to   space 12288K, 0% used [0x00000000e6880000,0x00000000e6880000,0x00000000e7480000)
 ParOldGen       total 65536K, used 7538K [0x00000000a0000000, 0x00000000a4000000, 0x00000000e0000000)
  object space 65536K, 11% used [0x00000000a0000000,0x00000000a075c890,0x00000000a4000000)
 Metaspace       used 24904K, capacity 25434K, committed 25648K, reserved 1071104K
  class space    used 3463K, capacity 3596K, committed 3632K, reserved 1048576K
}
Event: 8.597 GC heap before
{Heap before GC invocations=7 (full 1):
 PSYoungGen      total 57344K, used 54264K [0x00000000e0000000, 0x00000000e7480000, 0x0000000100000000)
  eden space 49152K, 100% used [0x00000000e0000000,0x00000000e3000000,0x00000000e3000000)
  from space 8192K, 62% used [0x00000000e3000000,0x00000000e34fe368,0x00000000e3800000)
  to   space 12288K, 0% used [0x00000000e6880000,0x00000000e6880000,0x00000000e7480000)
 ParOldGen       total 65536K, used 7538K [0x00000000a0000000, 0x00000000a4000000, 0x00000000e0000000)
  object space 65536K, 11% used [0x00000000a0000000,0x00000000a075c890,0x00000000a4000000)
 Metaspace       used 28458K, capacity 29160K, committed 29360K, reserved 1075200K
  class space    used 3972K, capacity 4146K, committed 4272K, reserved 1048576K
Event: 8.605 GC heap after
Heap after GC invocations=7 (full 1):
 PSYoungGen      total 103936K, used 7960K [0x00000000e0000000, 0x00000000e7280000, 0x0000000100000000)
  eden space 93696K, 0% used [0x00000000e0000000,0x00000000e0000000,0x00000000e5b80000)
  from space 10240K, 77% used [0x00000000e6880000,0x00000000e70462e8,0x00000000e7280000)
  to   space 11776K, 0% used [0x00000000e5b80000,0x00000000e5b80000,0x00000000e6700000)
 ParOldGen       total 65536K, used 7546K [0x00000000a0000000, 0x00000000a4000000, 0x00000000e0000000)
  object space 65536K, 11% used [0x00000000a0000000,0x00000000a075e890,0x00000000a4000000)
 Metaspace       used 28458K, capacity 29160K, committed 29360K, reserved 1075200K
  class space    used 3972K, capacity 4146K, committed 4272K, reserved 1048576K
}
Event: 13.204 GC heap before
{Heap before GC invocations=8 (full 1):
 PSYoungGen      total 103936K, used 76790K [0x00000000e0000000, 0x00000000e7280000, 0x0000000100000000)
  eden space 93696K, 73% used [0x00000000e0000000,0x00000000e43377c0,0x00000000e5b80000)
  from space 10240K, 77% used [0x00000000e6880000,0x00000000e70462e8,0x00000000e7280000)
  to   space 11776K, 0% used [0x00000000e5b80000,0x00000000e5b80000,0x00000000e6700000)
 ParOldGen       total 65536K, used 7546K [0x00000000a0000000, 0x00000000a4000000, 0x00000000e0000000)
  object space 65536K, 11% used [0x00000000a0000000,0x00000000a075e890,0x00000000a4000000)
 Metaspace       used 34626K, capacity 35422K, committed 35496K, reserved 1079296K
  class space    used 4855K, capacity 5132K, committed 5168K, reserved 1048576K
Event: 13.218 GC heap after
Heap after GC invocations=8 (full 1):
 PSYoungGen      total 105472K, used 11748K [0x00000000e0000000, 0x00000000ec700000, 0x0000000100000000)
  eden space 93696K, 0% used [0x00000000e0000000,0x00000000e0000000,0x00000000e5b80000)
  from space 11776K, 99% used [0x00000000e5b80000,0x00000000e66f9228,0x00000000e6700000)
  to   space 13824K, 0% used [0x00000000eb980000,0x00000000eb980000,0x00000000ec700000)
 ParOldGen       total 65536K, used 8390K [0x00000000a0000000, 0x00000000a4000000, 0x00000000e0000000)
  object space 65536K, 12% used [0x00000000a0000000,0x00000000a08318a0,0x00000000a4000000)
 Metaspace       used 34626K, capacity 35422K, committed 35496K, reserved 1079296K
  class space    used 4855K, capacity 5132K, committed 5168K, reserved 1048576K
}
Event: 13.218 GC heap before
{Heap before GC invocations=9 (full 2):
 PSYoungGen      total 105472K, used 11748K [0x00000000e0000000, 0x00000000ec700000, 0x0000000100000000)
  eden space 93696K, 0% used [0x00000000e0000000,0x00000000e0000000,0x00000000e5b80000)
  from space 11776K, 99% used [0x00000000e5b80000,0x00000000e66f9228,0x00000000e6700000)
  to   space 13824K, 0% used [0x00000000eb980000,0x00000000eb980000,0x00000000ec700000)
 ParOldGen       total 65536K, used 8390K [0x00000000a0000000, 0x00000000a4000000, 0x00000000e0000000)
  object space 65536K, 12% used [0x00000000a0000000,0x00000000a08318a0,0x00000000a4000000)
 Metaspace       used 34626K, capacity 35422K, committed 35496K, reserved 1079296K
  class space    used 4855K, capacity 5132K, committed 5168K, reserved 1048576K
Event: 13.315 GC heap after
Heap after GC invocations=9 (full 2):
 PSYoungGen      total 105472K, used 0K [0x00000000e0000000, 0x00000000ec700000, 0x0000000100000000)
  eden space 93696K, 0% used [0x00000000e0000000,0x00000000e0000000,0x00000000e5b80000)
  from space 11776K, 0% used [0x00000000e5b80000,0x00000000e5b80000,0x00000000e6700000)
  to   space 13824K, 0% used [0x00000000eb980000,0x00000000eb980000,0x00000000ec700000)
 ParOldGen       total 88576K, used 19184K [0x00000000a0000000, 0x00000000a5680000, 0x00000000e0000000)
  object space 88576K, 21% used [0x00000000a0000000,0x00000000a12bc380,0x00000000a5680000)
 Metaspace       used 34626K, capacity 35422K, committed 35496K, reserved 1079296K
  class space    used 4855K, capacity 5132K, committed 5168K, reserved 1048576K
}

