# JRE version: OpenJDK Runtime Environment (8.0_152-b02) (build 1.8.0_152-release-1024-b02)
# Java VM: OpenJDK 64-Bit Server VM (25.152-b02 mixed mode windows-amd64 compressed oops)
Heap:
 PSYoungGen      total 275968K, used 48381K [0x00000000e0000000, 0x00000000f3880000, 0x0000000100000000)
  eden space 256512K, 18% used [0x00000000e0000000,0x00000000e2f3f568,0x00000000efa80000)
  from space 19456K, 0% used [0x00000000f1300000,0x00000000f1300000,0x00000000f2600000)
  to   space 25088K, 0% used [0x00000000efa80000,0x00000000efa80000,0x00000000f1300000)
 ParOldGen       total 81920K, used 43454K [0x00000000a0000000, 0x00000000a5000000, 0x00000000e0000000)
  object space 81920K, 53% used [0x00000000a0000000,0x00000000a2a6f870,0x00000000a5000000)
 Metaspace       used 59748K, capacity 61654K, committed 61696K, reserved 1101824K
  class space    used 8197K, capacity 8692K, committed 8704K, reserved 1048576K
GC Heap History (10 events):
Event: 15.077 GC heap before
{Heap before GC invocations=9 (full 2):
 PSYoungGen      total 108032K, used 11772K [0x00000000e0000000, 0x00000000ed280000, 0x0000000100000000)
  eden space 96256K, 0% used [0x00000000e0000000,0x00000000e0000000,0x00000000e5e00000)
  from space 11776K, 99% used [0x00000000e5e00000,0x00000000e697f240,0x00000000e6980000)
  to   space 14336K, 0% used [0x00000000ec480000,0x00000000ec480000,0x00000000ed280000)
 ParOldGen       total 61952K, used 9404K [0x00000000a0000000, 0x00000000a3c80000, 0x00000000e0000000)
  object space 61952K, 15% used [0x00000000a0000000,0x00000000a092f1c8,0x00000000a3c80000)
 Metaspace       used 34408K, capacity 35252K, committed 35416K, reserved 1079296K
  class space    used 4744K, capacity 5026K, committed 5120K, reserved 1048576K
Event: 15.177 GC heap after
Heap after GC invocations=9 (full 2):
 PSYoungGen      total 108032K, used 0K [0x00000000e0000000, 0x00000000ed280000, 0x0000000100000000)
  eden space 96256K, 0% used [0x00000000e0000000,0x00000000e0000000,0x00000000e5e00000)
  from space 11776K, 0% used [0x00000000e5e00000,0x00000000e5e00000,0x00000000e6980000)
  to   space 14336K, 0% used [0x00000000ec480000,0x00000000ec480000,0x00000000ed280000)
 ParOldGen       total 81920K, used 20057K [0x00000000a0000000, 0x00000000a5000000, 0x00000000e0000000)
  object space 81920K, 24% used [0x00000000a0000000,0x00000000a1396680,0x00000000a5000000)
 Metaspace       used 34374K, capacity 35132K, committed 35416K, reserved 1079296K
  class space    used 4734K, capacity 4986K, committed 5120K, reserved 1048576K
}
Event: 16.258 GC heap before
{Heap before GC invocations=10 (full 2):
 PSYoungGen      total 108032K, used 96256K [0x00000000e0000000, 0x00000000ed280000, 0x0000000100000000)
  eden space 96256K, 100% used [0x00000000e0000000,0x00000000e5e00000,0x00000000e5e00000)
  from space 11776K, 0% used [0x00000000e5e00000,0x00000000e5e00000,0x00000000e6980000)
  to   space 14336K, 0% used [0x00000000ec480000,0x00000000ec480000,0x00000000ed280000)
 ParOldGen       total 81920K, used 20057K [0x00000000a0000000, 0x00000000a5000000, 0x00000000e0000000)
  object space 81920K, 24% used [0x00000000a0000000,0x00000000a1396680,0x00000000a5000000)
 Metaspace       used 42666K, capacity 43616K, committed 44032K, reserved 1087488K
  class space    used 5769K, capacity 6041K, committed 6144K, reserved 1048576K
Event: 16.283 GC heap after
Heap after GC invocations=10 (full 2):
 PSYoungGen      total 187904K, used 10693K [0x00000000e0000000, 0x00000000ecf00000, 0x0000000100000000)
  eden space 177152K, 0% used [0x00000000e0000000,0x00000000e0000000,0x00000000ead00000)
  from space 10752K, 99% used [0x00000000ec480000,0x00000000ecef1430,0x00000000ecf00000)
  to   space 14336K, 0% used [0x00000000eb300000,0x00000000eb300000,0x00000000ec100000)
 ParOldGen       total 81920K, used 20065K [0x00000000a0000000, 0x00000000a5000000, 0x00000000e0000000)
  object space 81920K, 24% used [0x00000000a0000000,0x00000000a1398680,0x00000000a5000000)
 Metaspace       used 42666K, capacity 43616K, committed 44032K, reserved 1087488K
  class space    used 5769K, capacity 6041K, committed 6144K, reserved 1048576K
}
Event: 20.258 GC heap before
{Heap before GC invocations=11 (full 2):
 PSYoungGen      total 187904K, used 187845K [0x00000000e0000000, 0x00000000ecf00000, 0x0000000100000000)
  eden space 177152K, 100% used [0x00000000e0000000,0x00000000ead00000,0x00000000ead00000)
  from space 10752K, 99% used [0x00000000ec480000,0x00000000ecef1430,0x00000000ecf00000)
  to   space 14336K, 0% used [0x00000000eb300000,0x00000000eb300000,0x00000000ec100000)
 ParOldGen       total 81920K, used 20065K [0x00000000a0000000, 0x00000000a5000000, 0x00000000e0000000)
  object space 81920K, 24% used [0x00000000a0000000,0x00000000a1398680,0x00000000a5000000)
 Metaspace       used 54621K, capacity 56338K, committed 56576K, reserved 1097728K
  class space    used 7416K, capacity 7857K, committed 7936K, reserved 1048576K
Event: 20.278 GC heap after
Heap after GC invocations=11 (full 2):
 PSYoungGen      total 197632K, used 14311K [0x00000000e0000000, 0x00000000f2600000, 0x0000000100000000)
  eden space 183296K, 0% used [0x00000000e0000000,0x00000000e0000000,0x00000000eb300000)
  from space 14336K, 99% used [0x00000000eb300000,0x00000000ec0f9f50,0x00000000ec100000)
  to   space 19456K, 0% used [0x00000000f1300000,0x00000000f1300000,0x00000000f2600000)
 ParOldGen       total 81920K, used 27561K [0x00000000a0000000, 0x00000000a5000000, 0x00000000e0000000)
  object space 81920K, 33% used [0x00000000a0000000,0x00000000a1aea420,0x00000000a5000000)
 Metaspace       used 54621K, capacity 56338K, committed 56576K, reserved 1097728K
  class space    used 7416K, capacity 7857K, committed 7936K, reserved 1048576K
}
Event: 22.070 GC heap before
{Heap before GC invocations=12 (full 2):
 PSYoungGen      total 197632K, used 147437K [0x00000000e0000000, 0x00000000f2600000, 0x0000000100000000)
  eden space 183296K, 72% used [0x00000000e0000000,0x00000000e8201888,0x00000000eb300000)
  from space 14336K, 99% used [0x00000000eb300000,0x00000000ec0f9f50,0x00000000ec100000)
  to   space 19456K, 0% used [0x00000000f1300000,0x00000000f1300000,0x00000000f2600000)
 ParOldGen       total 81920K, used 27561K [0x00000000a0000000, 0x00000000a5000000, 0x00000000e0000000)
  object space 81920K, 33% used [0x00000000a0000000,0x00000000a1aea420,0x00000000a5000000)
 Metaspace       used 57040K, capacity 58894K, committed 59008K, reserved 1099776K
  class space    used 7799K, capacity 8262K, committed 8320K, reserved 1048576K
Event: 22.123 GC heap after
Heap after GC invocations=12 (full 2):
 PSYoungGen      total 275968K, used 19436K [0x00000000e0000000, 0x00000000f3880000, 0x0000000100000000)
  eden space 256512K, 0% used [0x00000000e0000000,0x00000000e0000000,0x00000000efa80000)
  from space 19456K, 99% used [0x00000000f1300000,0x00000000f25fb068,0x00000000f2600000)
  to   space 25088K, 0% used [0x00000000efa80000,0x00000000efa80000,0x00000000f1300000)
 ParOldGen       total 81920K, used 36169K [0x00000000a0000000, 0x00000000a5000000, 0x00000000e0000000)
  object space 81920K, 44% used [0x00000000a0000000,0x00000000a2352688,0x00000000a5000000)
 Metaspace       used 57040K, capacity 58894K, committed 59008K, reserved 1099776K
  class space    used 7799K, capacity 8262K, committed 8320K, reserved 1048576K
}
Event: 22.123 GC heap before
{Heap before GC invocations=13 (full 3):
 PSYoungGen      total 275968K, used 19436K [0x00000000e0000000, 0x00000000f3880000, 0x0000000100000000)
  eden space 256512K, 0% used [0x00000000e0000000,0x00000000e0000000,0x00000000efa80000)
  from space 19456K, 99% used [0x00000000f1300000,0x00000000f25fb068,0x00000000f2600000)
  to   space 25088K, 0% used [0x00000000efa80000,0x00000000efa80000,0x00000000f1300000)
 ParOldGen       total 81920K, used 36169K [0x00000000a0000000, 0x00000000a5000000, 0x00000000e0000000)
  object space 81920K, 44% used [0x00000000a0000000,0x00000000a2352688,0x00000000a5000000)
 Metaspace       used 57040K, capacity 58894K, committed 59008K, reserved 1099776K
  class space    used 7799K, capacity 8262K, committed 8320K, reserved 1048576K
Event: 22.393 GC heap after
Heap after GC invocations=13 (full 3):
 PSYoungGen      total 275968K, used 0K [0x00000000e0000000, 0x00000000f3880000, 0x0000000100000000)
  eden space 256512K, 0% used [0x00000000e0000000,0x00000000e0000000,0x00000000efa80000)
  from space 19456K, 0% used [0x00000000f1300000,0x00000000f1300000,0x00000000f2600000)
  to   space 25088K, 0% used [0x00000000efa80000,0x00000000efa80000,0x00000000f1300000)
 ParOldGen       total 81920K, used 43454K [0x00000000a0000000, 0x00000000a5000000, 0x00000000e0000000)
  object space 81920K, 53% used [0x00000000a0000000,0x00000000a2a6f870,0x00000000a5000000)
 Metaspace       used 57040K, capacity 58894K, committed 59008K, reserved 1099776K
  class space    used 7799K, capacity 8262K, committed 8320K, reserved 1048576K
}

