# JRE version: OpenJDK Runtime Environment (8.0_152-b02) (build 1.8.0_152-release-1024-b02)
# Java VM: OpenJDK 64-Bit Server VM (25.152-b02 mixed mode windows-amd64 compressed oops)
Heap:
 PSYoungGen      total 119808K, used 19066K [0x00000000e0000000, 0x00000000e8500000, 0x0000000100000000)
  eden space 107008K, 7% used [0x00000000e0000000,0x00000000e07ccc48,0x00000000e6880000)
  from space 12800K, 86% used [0x00000000e6880000,0x00000000e7351d68,0x00000000e7500000)
  to   space 12800K, 0% used [0x00000000e7500000,0x00000000e7500000,0x00000000e8180000)
 ParOldGen       total 95232K, used 36447K [0x00000000a0000000, 0x00000000a5d00000, 0x00000000e0000000)
  object space 95232K, 38% used [0x00000000a0000000,0x00000000a2397ef0,0x00000000a5d00000)
 Metaspace       used 59959K, capacity 62018K, committed 62208K, reserved 1103872K
  class space    used 8119K, capacity 8650K, committed 8704K, reserved 1048576K
GC Heap History (10 events):
Event: 38.130 GC heap before
{Heap before GC invocations=14 (full 2):
 PSYoungGen      total 73728K, used 68361K [0x00000000e0000000, 0x00000000e6980000, 0x0000000100000000)
  eden space 60928K, 100% used [0x00000000e0000000,0x00000000e3b80000,0x00000000e3b80000)
  from space 12800K, 58% used [0x00000000e3b80000,0x00000000e42c2528,0x00000000e4800000)
  to   space 12800K, 0% used [0x00000000e5d00000,0x00000000e5d00000,0x00000000e6980000)
 ParOldGen       total 95232K, used 22590K [0x00000000a0000000, 0x00000000a5d00000, 0x00000000e0000000)
  object space 95232K, 23% used [0x00000000a0000000,0x00000000a160fab0,0x00000000a5d00000)
 Metaspace       used 50402K, capacity 51594K, committed 51712K, reserved 1093632K
  class space    used 6742K, capacity 7103K, committed 7168K, reserved 1048576K
Event: 38.136 GC heap after
Heap after GC invocations=14 (full 2):
 PSYoungGen      total 91136K, used 3424K [0x00000000e0000000, 0x00000000e6780000, 0x0000000100000000)
  eden space 80384K, 0% used [0x00000000e0000000,0x00000000e0000000,0x00000000e4e80000)
  from space 10752K, 31% used [0x00000000e5d00000,0x00000000e60580e8,0x00000000e6780000)
  to   space 12800K, 0% used [0x00000000e4e80000,0x00000000e4e80000,0x00000000e5b00000)
 ParOldGen       total 95232K, used 26368K [0x00000000a0000000, 0x00000000a5d00000, 0x00000000e0000000)
  object space 95232K, 27% used [0x00000000a0000000,0x00000000a19c02f0,0x00000000a5d00000)
 Metaspace       used 50402K, capacity 51594K, committed 51712K, reserved 1093632K
  class space    used 6742K, capacity 7103K, committed 7168K, reserved 1048576K
}
Event: 40.166 GC heap before
{Heap before GC invocations=15 (full 2):
 PSYoungGen      total 91136K, used 83808K [0x00000000e0000000, 0x00000000e6780000, 0x0000000100000000)
  eden space 80384K, 100% used [0x00000000e0000000,0x00000000e4e80000,0x00000000e4e80000)
  from space 10752K, 31% used [0x00000000e5d00000,0x00000000e60580e8,0x00000000e6780000)
  to   space 12800K, 0% used [0x00000000e4e80000,0x00000000e4e80000,0x00000000e5b00000)
 ParOldGen       total 95232K, used 26368K [0x00000000a0000000, 0x00000000a5d00000, 0x00000000e0000000)
  object space 95232K, 27% used [0x00000000a0000000,0x00000000a19c02f0,0x00000000a5d00000)
 Metaspace       used 55743K, capacity 57430K, committed 57728K, reserved 1099776K
  class space    used 7563K, capacity 8000K, committed 8064K, reserved 1048576K
Event: 40.188 GC heap after
Heap after GC invocations=15 (full 2):
 PSYoungGen      total 93184K, used 8574K [0x00000000e0000000, 0x00000000e8180000, 0x0000000100000000)
  eden space 80384K, 0% used [0x00000000e0000000,0x00000000e0000000,0x00000000e4e80000)
  from space 12800K, 66% used [0x00000000e4e80000,0x00000000e56df9a0,0x00000000e5b00000)
  to   space 12800K, 0% used [0x00000000e7500000,0x00000000e7500000,0x00000000e8180000)
 ParOldGen       total 95232K, used 27060K [0x00000000a0000000, 0x00000000a5d00000, 0x00000000e0000000)
  object space 95232K, 28% used [0x00000000a0000000,0x00000000a1a6d318,0x00000000a5d00000)
 Metaspace       used 55743K, capacity 57430K, committed 57728K, reserved 1099776K
  class space    used 7563K, capacity 8000K, committed 8064K, reserved 1048576K
}
Event: 40.718 GC heap before
{Heap before GC invocations=16 (full 2):
 PSYoungGen      total 93184K, used 68459K [0x00000000e0000000, 0x00000000e8180000, 0x0000000100000000)
  eden space 80384K, 74% used [0x00000000e0000000,0x00000000e3a7b590,0x00000000e4e80000)
  from space 12800K, 66% used [0x00000000e4e80000,0x00000000e56df9a0,0x00000000e5b00000)
  to   space 12800K, 0% used [0x00000000e7500000,0x00000000e7500000,0x00000000e8180000)
 ParOldGen       total 95232K, used 27060K [0x00000000a0000000, 0x00000000a5d00000, 0x00000000e0000000)
  object space 95232K, 28% used [0x00000000a0000000,0x00000000a1a6d318,0x00000000a5d00000)
 Metaspace       used 57172K, capacity 58976K, committed 59028K, reserved 1099776K
  class space    used 7771K, capacity 8178K, committed 8192K, reserved 1048576K
Event: 40.728 GC heap after
Heap after GC invocations=16 (full 2):
 PSYoungGen      total 119808K, used 6095K [0x00000000e0000000, 0x00000000e8500000, 0x0000000100000000)
  eden space 107008K, 0% used [0x00000000e0000000,0x00000000e0000000,0x00000000e6880000)
  from space 12800K, 47% used [0x00000000e7500000,0x00000000e7af3ef8,0x00000000e8180000)
  to   space 12800K, 0% used [0x00000000e6880000,0x00000000e6880000,0x00000000e7500000)
 ParOldGen       total 95232K, used 31991K [0x00000000a0000000, 0x00000000a5d00000, 0x00000000e0000000)
  object space 95232K, 33% used [0x00000000a0000000,0x00000000a1f3dea0,0x00000000a5d00000)
 Metaspace       used 57172K, capacity 58976K, committed 59028K, reserved 1099776K
  class space    used 7771K, capacity 8178K, committed 8192K, reserved 1048576K
}
Event: 40.729 GC heap before
{Heap before GC invocations=17 (full 3):
 PSYoungGen      total 119808K, used 6095K [0x00000000e0000000, 0x00000000e8500000, 0x0000000100000000)
  eden space 107008K, 0% used [0x00000000e0000000,0x00000000e0000000,0x00000000e6880000)
  from space 12800K, 47% used [0x00000000e7500000,0x00000000e7af3ef8,0x00000000e8180000)
  to   space 12800K, 0% used [0x00000000e6880000,0x00000000e6880000,0x00000000e7500000)
 ParOldGen       total 95232K, used 31991K [0x00000000a0000000, 0x00000000a5d00000, 0x00000000e0000000)
  object space 95232K, 33% used [0x00000000a0000000,0x00000000a1f3dea0,0x00000000a5d00000)
 Metaspace       used 57172K, capacity 58976K, committed 59028K, reserved 1099776K
  class space    used 7771K, capacity 8178K, committed 8192K, reserved 1048576K
Event: 41.016 GC heap after
Heap after GC invocations=17 (full 3):
 PSYoungGen      total 119808K, used 0K [0x00000000e0000000, 0x00000000e8500000, 0x0000000100000000)
  eden space 107008K, 0% used [0x00000000e0000000,0x00000000e0000000,0x00000000e6880000)
  from space 12800K, 0% used [0x00000000e7500000,0x00000000e7500000,0x00000000e8180000)
  to   space 12800K, 0% used [0x00000000e6880000,0x00000000e6880000,0x00000000e7500000)
 ParOldGen       total 95232K, used 36447K [0x00000000a0000000, 0x00000000a5d00000, 0x00000000e0000000)
  object space 95232K, 38% used [0x00000000a0000000,0x00000000a2397ef0,0x00000000a5d00000)
 Metaspace       used 57172K, capacity 58976K, committed 59028K, reserved 1099776K
  class space    used 7771K, capacity 8178K, committed 8192K, reserved 1048576K
}
Event: 49.190 GC heap before
{Heap before GC invocations=18 (full 3):
 PSYoungGen      total 119808K, used 107008K [0x00000000e0000000, 0x00000000e8500000, 0x0000000100000000)
  eden space 107008K, 100% used [0x00000000e0000000,0x00000000e6880000,0x00000000e6880000)
  from space 12800K, 0% used [0x00000000e7500000,0x00000000e7500000,0x00000000e8180000)
  to   space 12800K, 0% used [0x00000000e6880000,0x00000000e6880000,0x00000000e7500000)
 ParOldGen       total 95232K, used 36447K [0x00000000a0000000, 0x00000000a5d00000, 0x00000000e0000000)
  object space 95232K, 38% used [0x00000000a0000000,0x00000000a2397ef0,0x00000000a5d00000)
 Metaspace       used 59307K, capacity 61060K, committed 61312K, reserved 1101824K
  class space    used 8034K, capacity 8495K, committed 8576K, reserved 1048576K
Event: 49.383 GC heap after
Heap after GC invocations=18 (full 3):
 PSYoungGen      total 119808K, used 11079K [0x00000000e0000000, 0x00000000e8500000, 0x0000000100000000)
  eden space 107008K, 0% used [0x00000000e0000000,0x00000000e0000000,0x00000000e6880000)
  from space 12800K, 86% used [0x00000000e6880000,0x00000000e7351d68,0x00000000e7500000)
  to   space 12800K, 0% used [0x00000000e7500000,0x00000000e7500000,0x00000000e8180000)
 ParOldGen       total 95232K, used 36447K [0x00000000a0000000, 0x00000000a5d00000, 0x00000000e0000000)
  object space 95232K, 38% used [0x00000000a0000000,0x00000000a2397ef0,0x00000000a5d00000)
 Metaspace       used 59307K, capacity 61060K, committed 61312K, reserved 1101824K
  class space    used 8034K, capacity 8495K, committed 8576K, reserved 1048576K
}

